2022-02-28 04:15:42.551318: I tensorflow/stream_executor/platform/default/dso_loader.cc:53] Successfully opened dynamic library libcudart.so.11.0
WARNING:tensorflow:From /home/pbenga2s/anaconda3/envs/RnD/lib/python3.7/site-packages/tensorflow/python/compat/v2_compat.py:96: disable_resource_variables (from tensorflow.python.ops.variable_scope) is deprecated and will be removed in a future version.
Instructions for updating:
non-resource variables are not supported in the long term
2022-02-28 04:15:47.072296: W tensorflow/stream_executor/platform/default/dso_loader.cc:64] Could not load dynamic library 'libcuda.so.1'; dlerror: libcuda.so.1: cannot open shared object file: No such file or directory; LD_LIBRARY_PATH: /home/pbenga2s/anaconda3/envs/RnD/lib/python3.7/site-packages/cv2/../../lib64:/usr/local/cuda-11.2/lib64:/usr/local/slurm/slurm-19.05.5/lib:/usr/local/slurm/slurm-19.05.5/lib/slurm:/usr/local/lib:
2022-02-28 04:15:47.072379: W tensorflow/stream_executor/cuda/cuda_driver.cc:326] failed call to cuInit: UNKNOWN ERROR (303)
2022-02-28 04:15:47.072435: I tensorflow/stream_executor/cuda/cuda_diagnostics.cc:156] kernel driver does not appear to be running on this host (wr51): /proc/driver/nvidia/version does not exist
2022-02-28 04:15:47.073033: I tensorflow/core/platform/cpu_feature_guard.cc:142] This TensorFlow binary is optimized with oneAPI Deep Neural Network Library (oneDNN) to use the following CPU instructions in performance-critical operations:  AVX2 AVX512F FMA
To enable them in other operations, rebuild TensorFlow with the appropriate compiler flags.
|                              | ETA:  --:--:-- |                             |
2022-02-28 04:15:47.134380: I tensorflow/core/platform/profile_utils/cpu_utils.cc:114] CPU Frequency: 2100000000 Hz
|                         | ETA:  124 days, 7:08:58 |                         |
|                         | ETA:  76 days, 18:04:23 |                         |
|                         | ETA:  60 days, 23:44:11 |                         |
|                         | ETA:  52 days, 21:06:25 |                         |
|                         | ETA:  47 days, 21:40:13 |                         |
|                         | ETA:  44 days, 14:50:32 |                         |
|                          | ETA:  42 days, 7:25:13 |                         |
|                          | ETA:  42 days, 6:27:05 |                         |
|                          | ETA:  42 days, 6:06:22 |                         |
|                         | ETA:  41 days, 16:39:44 |                         |
|                          | ETA:  41 days, 1:16:35 |                         |
|                         | ETA:  40 days, 15:34:04 |                         |
|                         | ETA:  39 days, 22:21:37 |                         |
|                          | ETA:  39 days, 9:01:38 |                         |
|                         | ETA:  38 days, 21:36:29 |                         |
|                         | ETA:  38 days, 16:44:18 |                         |
|                          | ETA:  38 days, 3:28:14 |                         |
|                         | ETA:  37 days, 17:32:46 |                         |
|                          | ETA:  37 days, 7:17:45 |                         |
|                         | ETA:  36 days, 22:28:54 |                         |
|                         | ETA:  36 days, 14:36:52 |                         |
|                          | ETA:  36 days, 6:05:39 |                         |
|                          | ETA:  36 days, 0:11:48 |                         |
|                         | ETA:  35 days, 17:16:33 |                         |
|                         | ETA:  35 days, 10:41:31 |                         |
|                          | ETA:  35 days, 6:15:40 |                         |
|                          | ETA:  35 days, 1:54:39 |                         |
|                         | ETA:  34 days, 23:01:16 |                         |
|                         | ETA:  34 days, 19:21:50 |                         |
|                         | ETA:  34 days, 14:08:59 |                         |
|                          | ETA:  34 days, 9:47:59 |                         |
|                         | ETA:  34 days, 12:17:48 |                         |
|                         | ETA:  34 days, 11:15:01 |                         |
|                          | ETA:  34 days, 8:49:09 |                         |
|                          | ETA:  34 days, 6:30:53 |                         |
|                          | ETA:  34 days, 5:23:39 |                         |
|                          | ETA:  34 days, 3:22:27 |                         |
|                          | ETA:  34 days, 1:27:05 |                         |
|                          | ETA:  34 days, 0:03:29 |                         |
|                         | ETA:  33 days, 21:40:09 |                         |
|                         | ETA:  33 days, 23:42:39 |                         |
|                         | ETA:  33 days, 22:29:22 |                         |
|                         | ETA:  33 days, 21:44:07 |                         |
|                         | ETA:  33 days, 22:33:36 |                         |
|                         | ETA:  33 days, 21:09:28 |                         |
|                         | ETA:  33 days, 20:48:16 |                         |
|                         | ETA:  33 days, 20:17:43 |                         |
|                         | ETA:  33 days, 18:39:05 |                         |
|                         | ETA:  33 days, 19:30:00 |                         |
|                         | ETA:  33 days, 18:56:41 |                         |
|                         | ETA:  33 days, 17:32:42 |                         |
|                         | ETA:  33 days, 16:02:41 |                         |
|                         | ETA:  33 days, 15:10:18 |                         |
|                         | ETA:  33 days, 13:59:52 |                         |
|                         | ETA:  33 days, 13:44:08 |                         |
|                         | ETA:  33 days, 14:27:07 |                         |
|                         | ETA:  33 days, 14:03:27 |                         |
|                         | ETA:  33 days, 13:43:03 |                         |
|                         | ETA:  33 days, 16:09:47 |                         |
|                         | ETA:  33 days, 15:39:53 |                         |
|                         | ETA:  33 days, 15:05:33 |                         |
|                         | ETA:  33 days, 14:51:15 |                         |
|                         | ETA:  33 days, 15:03:18 |                         |
|                         | ETA:  33 days, 14:05:53 |                         |
|                         | ETA:  33 days, 14:53:15 |                         |
|                         | ETA:  33 days, 15:50:04 |                         |
|                         | ETA:  33 days, 18:17:28 |                         |
|                         | ETA:  33 days, 18:11:24 |                         |
|                         | ETA:  33 days, 18:22:14 |                         |
|                         | ETA:  33 days, 17:56:54 |                         |
|                         | ETA:  33 days, 17:21:16 |                         |
|                         | ETA:  33 days, 16:30:13 |                         |
|                         | ETA:  33 days, 16:12:15 |                         |
|                         | ETA:  33 days, 14:25:10 |                         |
|                         | ETA:  33 days, 13:32:52 |                         |
|                         | ETA:  33 days, 11:43:52 |                         |
|                         | ETA:  33 days, 10:22:39 |                         |
|                          | ETA:  33 days, 8:55:23 |                         |
|                          | ETA:  33 days, 8:04:09 |                         |
|                          | ETA:  33 days, 8:49:53 |                         |
|                          | ETA:  33 days, 8:16:48 |                         |
|                          | ETA:  33 days, 7:40:17 |                         |
|                          | ETA:  33 days, 6:41:09 |                         |
|                          | ETA:  33 days, 6:09:47 |                         |
|                          | ETA:  33 days, 5:21:57 |                         |
|                          | ETA:  33 days, 5:03:49 |                         |
|                          | ETA:  33 days, 4:24:20 |                         |
|                          | ETA:  33 days, 5:21:05 |                         |
|                          | ETA:  33 days, 4:47:25 |                         |
|                          | ETA:  33 days, 4:22:17 |                         |
|                          | ETA:  33 days, 4:03:58 |                         |
|                          | ETA:  33 days, 3:57:58 |                         |
|                          | ETA:  33 days, 4:24:27 |                         |
|                         | ETA:  33 days, 10:24:26 |                         |
|                         | ETA:  33 days, 10:26:52 |                         |
|                         | ETA:  33 days, 10:07:17 |                         |
|                         | ETA:  33 days, 10:06:12 |                         |
|                         | ETA:  33 days, 10:12:26 |                         |
|                          | ETA:  33 days, 9:28:59 |                         |
|                          | ETA:  33 days, 8:37:30 |                         |
|                          | ETA:  33 days, 8:50:30 |                         |
|                          | ETA:  33 days, 8:42:14 |                         |
|                          | ETA:  33 days, 7:55:54 |                         |
|                          | ETA:  33 days, 7:38:55 |                         |
|                          | ETA:  33 days, 7:21:24 |                         |
|                          | ETA:  33 days, 7:02:17 |                         |
|                          | ETA:  33 days, 6:06:27 |                         |
|                          | ETA:  33 days, 5:30:54 |                         |
|                          | ETA:  33 days, 6:07:19 |                         |
|                          | ETA:  33 days, 5:56:20 |                         |
|                          | ETA:  33 days, 6:03:34 |                         |
|                          | ETA:  33 days, 5:41:54 |                         |
|                          | ETA:  33 days, 5:51:47 |                         |
|                          | ETA:  33 days, 5:33:46 |                         |
|                          | ETA:  33 days, 5:22:01 |                         |
|                          | ETA:  33 days, 5:20:36 |                         |
|                          | ETA:  33 days, 6:28:30 |                         |
|                          | ETA:  33 days, 5:59:41 |                         |
|                          | ETA:  33 days, 5:55:42 |                         |
|                          | ETA:  33 days, 5:30:27 |                         |
|                          | ETA:  33 days, 5:24:31 |                         |
|                          | ETA:  33 days, 5:15:13 |                         |
|                          | ETA:  33 days, 5:20:49 |                         |
|                          | ETA:  33 days, 5:09:11 |                         |
|                          | ETA:  33 days, 5:04:59 |                         |
|                          | ETA:  33 days, 4:41:47 |                         |
|                          | ETA:  33 days, 4:43:56 |                         |
|                          | ETA:  33 days, 5:21:47 |                         |
|                          | ETA:  33 days, 6:27:00 |                         |
|                          | ETA:  33 days, 6:41:22 |                         |
|                          | ETA:  33 days, 6:44:38 |                         |
|                          | ETA:  33 days, 6:28:25 |                         |
|                          | ETA:  33 days, 5:59:39 |                         |
|                          | ETA:  33 days, 5:52:26 |                         |
|                          | ETA:  33 days, 5:56:46 |                         |
|                          | ETA:  33 days, 7:29:43 |                         |
|                          | ETA:  33 days, 7:16:08 |                         |
|                          | ETA:  33 days, 7:17:55 |                         |
|                          | ETA:  33 days, 7:43:31 |                         |
|                          | ETA:  33 days, 8:45:40 |                         |
|                          | ETA:  33 days, 9:54:36 |                         |
|                         | ETA:  33 days, 11:05:05 |                         |
|                         | ETA:  33 days, 12:59:22 |                         |
|                         | ETA:  33 days, 13:23:15 |                         |
|                         | ETA:  33 days, 14:29:26 |                         |
|                         | ETA:  33 days, 15:19:17 |                         |
|                         | ETA:  33 days, 15:56:18 |                         |
|                         | ETA:  33 days, 16:44:26 |                         |
|                         | ETA:  33 days, 17:58:38 |                         |
|                         | ETA:  33 days, 18:59:45 |                         |
|                         | ETA:  33 days, 20:52:09 |                         |
|                         | ETA:  33 days, 21:41:02 |                         |
|                         | ETA:  33 days, 22:34:50 |                         |
|>>>>>>>>>>>>>>>>>>>>>>>>>>>>>>| Time:  0:00:45 |<<<<<<<<<<<<<<<<<<<<<<<<<<<<<|
