2022-02-28 04:21:35.876448: I tensorflow/stream_executor/platform/default/dso_loader.cc:53] Successfully opened dynamic library libcudart.so.11.0
WARNING:tensorflow:From /home/pbenga2s/anaconda3/envs/RnD/lib/python3.7/site-packages/tensorflow/python/compat/v2_compat.py:96: disable_resource_variables (from tensorflow.python.ops.variable_scope) is deprecated and will be removed in a future version.
Instructions for updating:
non-resource variables are not supported in the long term
2022-02-28 04:21:39.738111: W tensorflow/stream_executor/platform/default/dso_loader.cc:64] Could not load dynamic library 'libcuda.so.1'; dlerror: libcuda.so.1: cannot open shared object file: No such file or directory; LD_LIBRARY_PATH: /home/pbenga2s/anaconda3/envs/RnD/lib/python3.7/site-packages/cv2/../../lib64:/usr/local/cuda-11.2/lib64:/usr/local/slurm/slurm-19.05.5/lib:/usr/local/slurm/slurm-19.05.5/lib/slurm:/usr/local/lib:
2022-02-28 04:21:39.738144: W tensorflow/stream_executor/cuda/cuda_driver.cc:326] failed call to cuInit: UNKNOWN ERROR (303)
2022-02-28 04:21:39.738168: I tensorflow/stream_executor/cuda/cuda_diagnostics.cc:156] kernel driver does not appear to be running on this host (wr51): /proc/driver/nvidia/version does not exist
2022-02-28 04:21:39.738402: I tensorflow/core/platform/cpu_feature_guard.cc:142] This TensorFlow binary is optimized with oneAPI Deep Neural Network Library (oneDNN) to use the following CPU instructions in performance-critical operations:  AVX2 AVX512F FMA
To enable them in other operations, rebuild TensorFlow with the appropriate compiler flags.
|                              | ETA:  --:--:-- |                             |
2022-02-28 04:21:39.860733: I tensorflow/core/platform/profile_utils/cpu_utils.cc:114] CPU Frequency: 2100000000 Hz
|                         | ETA:  126 days, 5:15:18 |                         |
|                         | ETA:  83 days, 15:21:03 |                         |
|                         | ETA:  64 days, 17:19:08 |                         |
|                         | ETA:  55 days, 13:09:45 |                         |
|                         | ETA:  49 days, 21:59:57 |                         |
|                          | ETA:  46 days, 2:00:12 |                         |
|                          | ETA:  43 days, 6:44:13 |                         |
|                          | ETA:  41 days, 0:57:37 |                         |
|                         | ETA:  39 days, 15:37:10 |                         |
|                         | ETA:  39 days, 10:01:54 |                         |
|                          | ETA:  38 days, 3:04:49 |                         |
|                         | ETA:  37 days, 12:00:52 |                         |
|                          | ETA:  36 days, 9:00:02 |                         |
|                         | ETA:  35 days, 12:27:54 |                         |
|                         | ETA:  34 days, 20:22:40 |                         |
|                          | ETA:  34 days, 4:13:06 |                         |
|>>>>>>>>>>>>>>>>>>>>>>>>>>>>>>| Time:  0:00:04 |<<<<<<<<<<<<<<<<<<<<<<<<<<<<<|
