140 106 175 195
0 351 51 480
518 276 565 407
96 172 145 261
480 126 518 213
382 133 422 222
115 353 168 480
206 116 243 213
467 289 514 412
248 109 288 206
541 101 581 223
405 20 428 76
453 151 483 215
508 116 545 209
419 121 465 230
44 163 87 279
523 276 567 407
285 293 326 420
399 125 436 216
476 65 508 135
373 58 400 118
245 102 278 180
545 120 579 223
434 124 476 207
126 82 161 144
14 200 60 310
456 77 482 132
413 29 441 98
73 211 118 322
394 116 431 205
338 309 390 453
384 317 440 457
55 307 106 433
293 294 337 417
555 298 608 428
13 334 71 467
419 232 463 350
545 128 579 223
108 271 156 400
455 214 499 332
202 77 234 161
436 56 467 131
526 329 558 410
176 88 208 176
148 61 180 121
126 65 155 121
463 121 500 216
68 234 110 343
378 110 423 209
493 119 529 202
409 121 441 208
435 126 467 212
130 359 195 480
103 248 153 381
520 105 556 202
407 42 435 94
543 115 578 226
186 164 227 269
325 257 380 384
478 141 514 227
384 124 423 224
249 114 283 201
129 143 169 240
92 169 135 274
418 66 450 138
161 147 195 239
64 172 105 277
394 66 429 135
156 100 182 161
178 82 206 156
454 103 486 167
115 87 149 166
417 340 472 480
483 160 527 265
188 130 227 234
122 214 164 305
369 114 414 198
480 89 512 158
227 139 267 233
374 282 429 410
519 362 579 480
455 90 486 157
303 242 354 341
416 76 452 152
585 346 639 480
169 126 205 224
406 78 442 151
388 310 439 463
586 305 635 438
498 376 538 457
412 89 453 170
371 110 412 195
457 195 505 307
527 317 577 460
441 294 495 438
473 85 506 146
35 243 80 362
136 177 180 275
175 177 215 263
194 99 222 181
303 241 349 341
169 113 199 189
236 93 266 165
83 202 124 318
486 354 545 480
406 237 450 367
447 254 493 394
376 111 415 199
133 211 171 312
153 100 193 197
248 96 279 178
580 269 623 390
302 242 355 339
446 99 496 187
118 109 160 199
169 34 197 103
199 113 239 197
524 278 583 403
433 303 489 437
45 252 93 388
261 104 297 193
85 266 129 391
471 117 512 212
0 259 46 385
131 96 170 181
394 62 421 117
216 123 257 216
192 63 223 129
517 245 577 379
193 151 216 201
576 243 615 343
438 112 480 205
303 245 355 339
463 220 507 335
330 357 393 478
469 198 508 317
414 148 462 246
511 214 559 341
137 87 170 168
0 333 51 458
408 57 436 112
19 220 67 348
569 223 608 316
396 348 461 473
258 122 294 208
185 165 213 218
192 41 227 118
163 93 193 162
491 104 528 195
52 232 100 350
303 241 350 341
223 134 263 228
444 380 516 479
94 194 145 314
413 53 440 106
150 85 183 155
370 304 426 428
427 297 479 436
12 229 53 340
389 53 413 107
151 185 184 248
534 337 603 478
410 177 458 276
556 193 594 283
179 78 211 145
499 192 553 307
90 351 151 480
49 191 102 305
123 81 149 139
301 237 348 340
235 144 274 245
474 171 515 282
532 103 565 183
96 346 142 480
51 226 92 336
540 285 594 422
157 36 185 101
152 214 182 280
396 267 443 388
187 78 225 162
135 37 167 101
98 168 139 282
436 264 483 391
184 163 227 265
487 209 528 326
76 170 115 280
301 238 348 341
440 159 481 256
511 166 560 271
406 232 449 345
205 91 243 190
434 138 476 237
557 242 602 366
482 257 528 388
514 152 560 259
515 256 558 384
303 243 354 340
488 191 514 245
383 49 419 120
99 144 141 254
116 46 138 100
151 39 177 106
451 229 492 344
192 177 230 268
110 153 152 253
178 80 210 149
333 365 408 471
388 64 414 125
431 208 474 311
201 133 243 221
363 294 427 440
418 307 472 447
413 60 439 122
490 310 552 451
543 206 589 320
426 126 467 220
230 374 283 480
534 307 587 447
474 197 519 316
534 128 565 213
501 135 545 229
140 193 177 303
127 45 149 100
301 243 355 338
152 129 191 218
115 128 158 217
282 349 341 480
465 254 517 388
400 248 451 380
127 113 169 203
537 171 579 288
174 164 216 263
432 183 474 277
410 113 447 196
115 53 141 111
199 99 234 169
105 220 148 342
468 175 507 284
491 119 531 205
525 122 556 196
134 46 166 112
176 61 200 120
88 285 121 356
155 113 193 201
384 287 437 408
88 248 139 379
129 107 167 188
158 101 195 189
270 338 335 477
533 148 577 252
487 210 538 335
210 104 251 185
141 205 185 302
403 86 437 183
442 76 471 138
302 240 349 344
43 326 83 395
430 227 473 324
57 251 99 372
452 158 492 260
414 159 454 253
203 116 239 200
118 84 161 176
426 325 481 466
273 349 318 480
527 123 566 227
408 181 451 288
477 98 517 182
458 179 492 286
43 293 90 419
146 90 180 175
302 239 349 344
436 77 466 150
185 130 227 222
517 110 554 203
274 358 332 480
6 337 65 476
480 89 515 167
330 299 378 433
153 72 180 135
457 367 531 480
177 78 210 139
369 157 413 261
424 94 465 212
111 85 145 164
302 244 348 331
388 103 428 196
149 152 193 244
476 77 509 157
209 89 242 169
367 116 400 197
505 98 542 188
264 383 311 480
416 88 452 172
455 114 478 161
303 239 351 343
240 139 281 246
175 78 211 167
342 384 413 478
496 84 533 171
117 163 160 266
304 243 355 340
215 123 252 214
436 102 470 185
407 107 447 187
173 84 213 181
250 125 284 212
151 100 184 172
423 119 463 205
249 111 283 194
77 184 121 293
175 114 213 209
213 99 251 197
496 79 530 158
456 104 493 201
301 241 356 339
142 374 198 480
146 86 190 203
167 133 207 229
134 125 176 226
38 216 85 327
107 364 156 480
468 71 506 138
304 242 355 340
467 128 505 220
439 135 479 225
0 246 47 363
116 137 160 256
448 153 489 251
478 142 519 249
177 93 206 169
206 96 240 168
469 72 501 139
515 73 549 145
258 90 285 157
418 59 451 120
232 93 262 162
101 359 160 480
147 153 188 250
305 246 357 338
192 107 227 184
406 60 436 127
447 174 491 281
471 69 506 142
485 159 526 277
122 172 165 283
448 62 480 138
302 238 349 342
464 66 497 140
93 173 136 276
510 76 549 144
493 70 522 141
397 68 425 133
123 151 165 246
87 210 133 319
173 115 210 196
466 68 500 141
485 192 533 310
445 203 488 310
428 64 455 133
56 198 101 318
303 241 356 340
210 112 247 187
460 63 495 143
394 71 427 145
155 127 193 217
97 179 137 275
427 70 455 142
59 243 106 372
468 67 502 138
453 229 495 348
490 217 537 346
11 225 61 360
492 70 519 134
303 242 357 342
256 341 309 480
452 67 485 139
191 78 220 130
74 187 109 267
192 119 239 202
274 340 329 475
11 287 72 425
77 218 119 319
442 271 490 397
126 142 164 236
188 135 236 228
392 83 429 157
488 255 535 397
468 67 501 140
429 69 466 154
303 241 355 342
179 70 207 125
34 215 73 321
166 138 210 228
194 68 224 122
266 346 312 480
395 87 430 166
100 159 139 254
429 83 465 168
0 248 39 369
139 155 177 247
163 157 205 253
437 316 490 447
486 295 541 452
32 257 75 362
162 62 193 120
303 241 356 342
472 58 504 135
501 54 532 133
187 51 218 117
404 98 441 181
279 355 339 480
133 178 176 278
150 44 179 115
71 192 114 287
479 67 510 131
427 366 484 478
479 352 533 476
433 97 467 178
303 240 351 344
109 176 147 273
447 49 474 117
177 52 202 111
47 217 91 318
162 39 192 107
404 105 447 189
138 54 165 109
108 203 159 304
405 57 431 117
302 241 355 339
84 202 120 305
482 59 512 128
438 54 466 129
388 113 429 202
93 232 143 341
483 64 512 129
13 248 57 354
58 237 101 339
151 45 177 101
406 65 433 123
458 85 480 131
303 239 348 340
127 32 155 106
414 61 447 136
142 83 177 163
444 59 471 136
480 61 513 127
59 267 107 386
25 268 71 375
302 242 354 340
104 90 143 168
181 90 216 171
427 65 464 144
480 58 513 128
1 306 55 425
142 86 180 175
225 120 264 208
395 65 427 135
108 125 161 221
118 47 138 91
263 131 299 208
303 237 350 340
121 109 162 192
540 324 605 459
448 69 482 150
229 141 268 234
106 357 160 480
304 242 355 338
419 65 456 148
499 62 521 123
176 122 221 216
402 54 433 123
154 150 195 253
509 274 566 402
77 333 130 475
252 104 288 189
455 83 492 161
135 93 175 168
11 214 67 336
194 160 239 264
301 237 350 343
83 311 140 447
512 236 557 356
57 203 107 309
137 87 173 153
465 84 504 177
188 111 225 205
217 120 252 211
495 84 531 167
257 119 293 204
136 165 177 271
302 239 351 342
22 201 67 302
162 187 196 271
93 324 142 464
400 59 430 121
521 200 568 304
173 118 214 220
212 131 246 228
476 99 516 187
513 91 549 177
108 207 151 300
250 132 290 219
466 63 488 118
52 179 93 278
302 241 356 340
498 181 541 274
393 54 424 118
156 136 195 242
105 338 159 480
185 144 222 246
61 236 101 336
228 150 268 250
303 241 351 343
27 212 74 330
69 167 109 247
500 104 542 192
98 159 147 253
2 261 50 376
445 148 488 244
428 57 452 110
510 121 552 219
147 167 186 274
116 141 159 269
135 370 197 480
304 242 355 342
182 176 220 270
194 38 222 93
315 330 377 476
395 130 437 222
517 143 558 242
76 180 122 295
244 117 280 202
486 292 530 420
409 52 433 105
152 128 191 219
301 242 349 339
132 198 180 304
75 224 112 327
110 224 155 346
198 127 239 225
461 262 504 378
140 120 179 208
292 265 348 397
35 207 76 331
498 167 539 266
146 41 166 95
542 364 615 480
533 154 568 249
156 41 186 102
212 109 245 185
73 287 128 423
25 241 71 364
450 231 489 333
536 318 605 467
304 243 355 341
500 302 561 445
143 114 192 237
0 240 32 353
482 242 525 350
524 196 560 300
428 30 458 98
29 302 78 432
216 126 250 204
526 280 583 423
180 46 208 109
107 152 146 256
304 242 355 340
121 239 166 361
485 272 540 408
435 205 475 305
188 105 232 207
557 187 600 286
472 36 499 99
223 95 256 176
194 151 234 239
507 257 561 396
137 98 168 169
0 343 51 477
302 243 353 340
465 241 519 372
140 203 190 295
179 41 204 99
165 140 201 236
200 50 227 113
70 174 116 272
547 240 587 358
439 181 485 278
475 71 513 155
496 230 543 366
116 134 167 276
205 59 231 126
149 172 185 266
175 42 201 98
302 243 354 339
38 186 83 286
566 271 618 405
194 162 236 268
461 223 506 344
435 161 476 264
202 134 246 230
159 38 185 96
114 203 154 306
439 146 475 237
125 113 166 203
418 63 453 131
495 209 546 334
75 208 119 314
37 186 75 295
547 307 595 440
236 373 281 480
303 240 348 340
389 81 421 160
208 113 246 202
122 102 162 176
72 242 116 358
259 354 318 480
502 185 552 304
31 231 76 357
431 124 472 217
157 40 179 94
459 123 494 208
302 237 350 344
192 46 213 89
588 376 640 480
469 186 516 286
206 99 245 184
504 173 546 287
435 334 499 467
457 165 502 267
23 291 63 397
571 362 632 480
489 109 529 194
239 368 283 480
304 240 348 341
124 63 157 120
204 87 238 167
407 107 441 181
488 157 533 260
451 151 493 251
417 299 469 424
297 273 348 390
430 102 467 181
484 82 512 145
462 104 490 162
119 66 147 133
484 139 527 244
202 75 239 151
441 134 484 230
402 96 437 170
526 282 572 414
294 316 343 421
380 346 442 480
387 42 413 96
125 74 159 138
557 266 612 388
426 274 478 401
422 92 453 166
468 93 498 163
431 120 475 215
528 143 569 246
479 126 520 225
181 46 204 107
400 86 434 162
483 312 543 446
537 237 588 350
406 299 466 450
463 258 511 364
216 63 244 131
389 250 432 373
417 109 459 205
474 115 514 212
317 252 364 374
533 156 571 262
424 268 481 409
270 365 323 480
0 258 38 371
149 77 186 150
129 82 166 155
488 272 538 408
393 86 432 163
467 109 504 200
197 50 225 110
407 104 449 189
350 243 407 355
263 314 319 465
539 170 581 279
440 235 491 375
23 228 65 349
113 47 137 97
134 91 169 165
488 232 541 364
443 99 467 160
153 86 192 164
453 102 493 191
129 99 164 174
76 261 120 381
153 97 189 174
400 99 442 180
447 208 493 336
546 193 583 303
302 240 350 345
0 273 28 373
258 307 321 467
492 240 531 336
182 60 209 121
443 81 480 183
453 182 499 303
391 91 425 171
485 73 520 148
150 110 188 183
109 251 156 360
44 272 84 380
259 310 324 468
190 75 217 132
499 191 544 300
124 111 164 183
302 241 349 343
172 72 196 131
523 83 553 147
547 210 589 323
119 193 163 299
4 254 58 359
260 309 319 466
440 160 488 271
432 87 469 171
194 79 224 140
117 115 156 192
502 180 542 271
541 235 591 361
76 169 122 281
169 74 200 145
394 85 432 163
305 245 355 340
469 79 503 150
521 81 554 148
161 161 203 257
170 78 205 153
497 154 540 251
260 315 318 466
96 152 141 265
466 88 498 166
142 71 173 138
488 90 520 164
198 86 230 151
429 84 464 164
117 80 145 139
437 147 482 246
302 242 349 344
543 245 599 383
179 142 217 229
208 91 239 161
552 266 607 403
130 140 170 251
440 128 486 230
258 314 315 464
491 150 531 224
392 85 419 151
143 71 181 147
303 241 350 344
410 83 440 152
522 106 564 195
177 86 211 160
203 102 244 202
426 117 467 216
520 131 554 218
126 134 167 231
160 132 200 231
257 319 317 467
304 243 355 341
555 358 615 480
84 150 127 248
511 369 575 478
541 120 576 215
473 141 507 210
409 75 439 151
376 78 414 153
183 95 209 169
569 276 623 424
207 107 240 192
521 298 573 450
238 104 272 187
475 315 528 458
541 128 583 237
407 105 448 197
200 54 222 105
162 118 204 213
257 313 318 464
302 243 354 342
380 74 413 137
507 110 556 232
73 161 120 273
569 276 624 428
505 253 552 395
447 265 501 389
185 113 225 203
261 315 317 464
25 191 67 301
397 95 441 180
225 130 261 209
542 159 587 267
303 244 354 340
159 107 198 201
54 190 100 306
515 132 559 257
446 114 480 175
3 300 52 419
400 87 439 174
565 285 622 424
438 229 485 346
131 43 161 95
216 139 255 224
478 222 530 348
269 333 318 470
173 100 215 225
39 209 76 326
546 184 587 296
489 141 530 239
517 193 558 293
303 245 355 335
385 63 411 129
451 92 485 163
422 74 458 161
390 61 421 132
431 200 474 308
76 348 126 479
465 187 507 308
278 354 334 480
564 291 621 422
191 159 233 255
0 241 33 357
154 143 194 244
549 223 597 342
472 84 504 156
27 244 68 353
200 97 236 173
105 112 145 190
301 246 350 335
123 165 164 273
557 299 615 438
428 175 469 277
493 85 525 152
462 167 505 276
504 260 552 388
193 84 230 171
163 176 200 275
303 242 348 342
98 124 139 212
170 98 198 167
86 199 127 307
182 76 216 162
555 300 618 443
464 141 502 242
274 322 325 459
431 150 469 244
490 303 551 442
520 212 565 331
135 213 177 305
548 227 590 339
102 133 141 224
135 129 178 227
496 67 532 149
460 301 514 443
524 77 556 148
394 40 420 93
304 246 354 338
156 87 186 160
415 352 472 479
443 123 483 223
412 132 448 222
276 323 325 459
137 137 180 240
99 147 139 239
152 80 182 148
480 351 550 480
490 252 540 374
110 229 152 340
528 257 578 384
172 74 207 151
547 300 616 446
303 242 350 343
121 44 150 108
48 165 100 344
396 107 434 203
137 74 172 144
126 157 172 262
2 255 50 385
550 297 612 441
440 293 498 431
86 146 128 269
68 263 112 379
367 118 401 199
161 69 196 144
276 325 323 460
304 244 355 342
495 298 548 433
221 96 262 184
24 302 76 420
422 341 486 479
62 174 108 285
479 340 540 480
409 58 435 108
276 323 326 457
549 299 615 437
203 115 252 205
303 243 350 344
445 50 476 109
149 67 183 139
213 49 242 106
127 71 162 137
112 160 162 288
178 134 222 227
551 310 609 441
79 184 129 312
19 198 63 304
186 45 213 104
278 331 325 461
142 115 177 202
258 105 293 175
143 62 172 126
303 243 355 340
116 68 143 129
107 123 138 200
275 324 323 462
210 99 244 171
145 153 198 254
49 210 91 337
0 225 40 333
540 306 615 450
448 45 478 110
303 242 349 343
140 51 169 122
162 43 192 103
107 102 141 184
236 94 267 166
422 41 444 89
534 351 594 480
184 99 214 172
276 327 322 459
150 91 182 175
208 86 242 168
5 229 60 364
102 178 146 278
195 37 218 95
304 243 355 339
125 98 155 174
419 35 438 79
411 113 447 173
162 83 196 164
273 322 323 461
52 206 100 309
133 87 170 167
177 43 202 90
506 385 563 479
304 243 349 341
282 327 332 467
134 72 170 146
96 78 141 160
158 39 177 89
416 64 449 126
473 47 500 108
301 241 350 343
392 85 421 141
413 69 450 145
277 329 324 469
118 64 153 141
304 239 348 342
385 74 411 130
413 76 450 152
282 336 333 472
303 241 349 344
112 38 142 103
420 86 457 164
283 347 339 475
121 22 145 75
442 94 483 178
283 363 335 476
305 244 354 341
513 377 587 476
467 333 530 467
525 325 578 473
259 343 317 480
503 98 538 184
303 244 354 341
385 46 413 102
402 51 434 115
505 288 557 418
24 230 75 339
302 240 350 342
522 289 572 420
255 345 327 480
422 59 451 120
395 48 427 122
550 261 603 389
423 351 483 477
368 50 400 124
66 199 117 295
288 331 334 429
524 253 568 375
120 16 141 69
376 353 435 474
411 59 441 133
469 50 495 111
381 56 413 130
454 306 510 441
110 157 149 248
397 305 454 439
557 244 601 368
442 68 468 131
300 240 348 342
526 236 576 358
127 133 168 228
555 237 598 357
466 261 516 392
374 67 407 142
417 263 466 394
419 64 455 140
288 307 335 421
395 68 427 138
475 53 501 107
445 71 474 138
300 245 350 337
386 71 415 155
453 85 482 150
137 114 176 205
92 369 146 480
280 314 322 417
466 233 514 357
429 67 462 153
554 217 598 335
429 230 474 355
389 80 425 163
432 73 466 162
149 101 186 178
432 202 479 322
478 202 523 323
279 311 324 415
86 378 146 480
543 200 593 315
412 74 442 162
302 242 351 330
153 89 190 166
522 180 569 286
386 91 425 179
443 178 489 291
414 89 447 178
478 178 518 289
277 314 324 418
303 243 352 331
437 81 475 173
518 161 568 265
385 100 424 193
146 78 181 146
434 161 478 265
477 165 517 265
418 94 452 184
283 310 332 419
527 144 569 243
380 113 419 210
412 101 452 204
483 141 525 239
456 143 498 241
304 242 354 340
126 78 159 144
375 127 417 223
526 130 569 221
434 116 478 220
272 343 325 474
490 120 532 222
404 118 441 217
303 244 353 339
137 51 166 103
141 54 168 112
377 139 416 240
501 116 545 208
408 132 449 241
164 41 191 109
305 245 355 340
473 111 510 196
398 131 439 248
263 330 323 471
385 159 428 258
507 105 544 193
303 243 353 341
472 167 511 257
420 147 462 254
107 66 149 143
484 108 521 192
445 141 487 254
173 51 202 111
151 62 182 116
410 177 450 293
161 69 197 148
505 177 545 284
274 353 327 477
412 98 448 178
470 162 511 276
304 244 353 341
436 172 475 283
473 90 513 169
391 96 427 175
445 103 483 185
199 82 231 160
274 350 325 480
434 94 465 172
486 177 531 298
421 195 463 320
378 88 411 165
524 187 567 306
137 41 161 91
304 244 354 341
488 85 528 163
448 185 489 305
411 89 443 172
139 37 164 98
411 76 445 153
413 222 458 345
495 199 542 326
449 206 493 336
166 81 197 147
193 80 218 135
266 342 325 480
531 216 571 338
303 243 354 340
493 89 532 166
484 88 522 170
387 77 415 159
269 353 323 480
413 71 446 143
415 253 464 389
454 233 504 371
501 225 546 365
141 44 164 98
534 237 576 368
191 87 221 151
305 245 353 342
391 75 421 145
164 90 200 153
483 87 521 166
494 88 532 165
400 334 450 473
465 84 502 164
161 97 195 165
408 67 444 139
195 96 222 165
332 321 393 468
509 255 559 396
263 348 322 480
145 46 166 97
555 283 609 417
443 276 494 433
505 74 544 155
302 243 350 340
556 317 609 466
164 106 201 181
396 287 448 413
406 120 450 215
191 88 228 178
514 289 569 438
346 267 400 409
144 44 166 99
440 314 510 469
271 356 326 480
199 117 230 192
554 356 611 480
422 66 451 126
271 340 327 475
380 68 412 145
513 326 573 472
438 238 485 363
163 121 202 201
301 241 349 344
114 41 135 86
149 129 190 216
444 204 489 318
194 127 229 213
407 60 436 123
398 179 443 306
279 329 336 468
484 184 526 275
384 64 412 120
437 379 513 478
300 245 353 336
169 151 202 244
442 167 483 271
137 151 175 240
304 333 355 459
511 204 558 323
396 147 437 266
379 57 410 118
301 245 351 337
450 143 487 239
147 167 186 260
396 123 436 232
293 323 344 457
113 169 160 264
150 48 176 98
531 247 576 369
287 339 343 473
34 214 82 325
451 124 489 211
134 197 169 297
93 198 139 298
421 104 463 205
303 242 353 336
551 301 613 435
4 218 47 313
282 350 337 477
466 108 500 189
115 223 155 329
437 89 476 186
67 236 116 331
305 242 355 342
482 93 514 173
453 79 488 166
79 257 119 373
470 330 525 473
33 278 76 374
432 345 483 471
81 166 127 262
303 242 350 345
7 323 61 452
492 81 525 156
456 287 501 420
90 152 133 245
493 275 539 417
471 74 507 153
304 244 352 341
111 154 146 245
96 303 145 432
508 61 543 147
304 242 355 342
454 245 497 363
484 228 529 364
127 82 159 140
260 331 313 480
147 168 187 237
304 244 354 342
442 203 484 308
473 194 514 312
519 66 552 145
257 327 323 473
107 125 150 205
385 49 412 110
424 174 466 278
445 160 490 279
303 244 353 342
260 341 313 480
115 79 142 147
171 96 210 177
177 196 212 266
418 152 458 243
244 374 293 480
437 136 475 242
304 243 350 343
187 88 220 165
166 95 197 165
448 117 486 213
195 163 236 262
419 128 458 219
131 113 164 185
304 243 354 342
484 45 507 103
201 138 239 229
458 113 492 200
485 108 519 200
178 85 208 152
125 120 166 196
153 86 181 152
117 56 146 113
286 319 338 444
252 361 297 480
496 363 556 480
250 86 283 156
434 360 496 478
194 120 236 200
163 74 193 142
114 137 159 216
353 351 403 480
287 364 348 476
517 301 568 422
303 243 355 340
459 309 510 431
253 360 299 480
397 361 481 475
534 100 572 185
191 105 226 183
406 75 442 162
390 296 434 441
96 151 138 245
428 301 499 437
522 252 569 370
131 70 161 129
303 244 354 339
479 261 524 379
181 96 216 170
457 80 494 162
447 247 497 386
129 79 160 141
404 251 450 385
68 172 106 266
518 218 560 325
303 241 354 340
253 358 304 480
165 44 193 119
464 90 502 173
179 80 210 151
33 198 73 300
410 208 455 331
455 216 505 335
512 191 559 284
304 243 356 341
126 86 161 154
251 350 309 480
131 97 167 167
412 183 453 292
446 182 494 292
162 77 193 144
204 63 232 127
251 362 300 480
8 233 54 340
302 242 349 344
506 160 546 256
488 109 524 180
467 52 493 105
131 71 173 185
430 159 477 263
392 159 433 262
475 151 511 243
303 243 354 341
500 155 544 245
533 116 568 215
127 119 166 196
384 136 421 233
498 148 540 236
410 133 454 234
471 144 506 236
304 242 355 342
541 139 577 238
455 55 486 114
34 361 100 473
480 45 506 107
110 34 147 124
116 131 157 215
125 41 154 106
397 113 438 207
376 115 411 208
304 243 354 343
528 166 576 280
491 136 523 222
101 153 145 237
466 68 499 135
130 46 160 115
514 209 560 323
437 49 464 109
304 243 353 343
44 258 98 379
251 361 297 480
424 45 449 106
502 240 556 374
78 164 124 275
121 95 159 168
303 241 354 341
465 76 501 144
253 361 298 480
143 59 169 123
524 143 569 217
456 85 495 157
0 300 46 444
352 293 404 411
487 290 547 426
55 208 98 303
135 104 177 181
430 40 463 107
253 79 288 161
251 368 302 480
302 242 348 343
529 148 566 220
134 119 176 199
447 96 485 173
405 45 434 107
65 244 116 378
31 227 76 339
486 352 553 480
168 67 196 135
302 239 349 343
119 75 147 136
528 146 566 217
253 366 303 480
304 241 356 343
61 189 109 295
124 127 165 211
161 72 198 151
141 194 186 304
442 108 485 186
141 73 166 131
507 140 548 223
249 365 302 480
119 72 144 129
31 198 69 289
195 67 228 140
165 85 199 163
445 122 487 212
508 133 549 226
196 159 240 264
83 257 134 370
303 243 353 340
136 62 162 122
102 148 147 272
141 147 186 248
457 141 501 235
513 136 552 226
113 157 154 255
232 129 277 240
304 243 354 343
160 100 192 171
62 162 105 252
133 350 185 473
189 50 215 109
27 239 70 349
157 122 206 225
475 159 518 266
308 268 364 396
130 66 159 119
113 66 143 120
139 113 185 222
482 189 529 304
78 205 118 307
413 294 466 429
115 124 150 213
176 116 220 212
304 242 356 341
156 122 195 212
142 56 173 110
0 218 39 313
205 57 233 133
426 83 465 163
511 328 569 476
126 174 165 269
475 222 521 342
176 108 218 192
81 145 125 247
145 48 167 106
502 133 547 226
118 57 151 122
161 112 199 193
302 244 354 339
153 152 186 239
465 261 518 390
22 295 74 434
505 128 546 227
304 245 354 341
131 57 160 137
501 72 532 143
60 177 97 282
161 106 192 170
179 99 214 172
153 139 188 217
77 261 128 397
443 310 500 443
24 305 78 412
21 197 64 316
505 136 547 227
176 84 206 160
0 302 26 411
303 245 355 339
197 71 234 157
536 152 569 218
228 82 263 152
515 139 550 225
139 115 177 192
31 261 81 377
206 77 239 163
496 137 525 220
116 226 165 355
411 365 480 478
304 245 355 340
73 264 118 376
205 79 243 172
125 94 156 175
73 239 115 343
103 235 147 339
306 247 355 342
153 102 182 174
236 83 271 169
140 202 184 304
499 121 546 223
107 207 147 315
230 106 261 177
202 84 238 173
139 213 176 310
303 243 356 340
506 106 557 227
170 179 217 272
131 100 167 194
133 190 176 289
199 94 234 176
301 241 355 340
202 162 241 266
130 350 184 475
230 100 266 182
518 147 560 224
463 97 500 179
50 237 89 333
100 136 141 236
10 232 54 333
165 173 203 269
502 94 535 158
203 183 241 265
302 241 349 343
140 108 171 184
163 111 196 188
416 83 452 162
195 102 229 191
118 124 152 199
96 214 145 316
172 104 207 201
55 207 100 312
197 144 235 246
28 208 71 313
303 243 350 345
527 121 562 202
416 87 456 179
464 110 503 212
444 432 499 478
70 189 113 296
14 320 63 430
110 192 152 285
156 193 200 280
452 365 530 474
189 122 227 209
221 143 255 222
302 241 349 342
419 95 456 196
483 316 548 463
119 175 162 272
530 360 574 478
512 101 546 179
156 146 203 249
243 128 278 211
302 240 349 342
206 173 252 260
144 80 167 138
0 226 37 329
424 108 465 217
172 157 213 253
515 274 570 420
349 234 390 351
473 48 501 104
134 131 180 246
494 93 530 166
69 149 115 258
119 38 142 90
131 352 185 477
212 148 250 227
244 152 287 228
160 143 202 253
169 148 210 246
444 51 470 108
213 123 263 232
42 171 85 285
128 142 168 248
563 277 611 384
102 147 138 247
517 238 573 379
406 191 446 305
109 40 132 91
487 86 519 154
302 243 355 341
134 37 155 84
142 92 168 161
169 41 194 86
159 89 204 157
412 50 439 109
218 118 258 206
116 144 155 261
162 160 204 257
485 77 516 144
570 251 607 334
524 209 574 339
415 150 458 253
490 200 528 304
302 243 348 344
135 354 193 480
259 111 298 200
141 98 168 179
205 40 229 91
448 187 492 314
383 61 411 118
142 177 179 277
388 54 426 132
460 49 487 106
447 127 488 220
119 351 185 480
161 108 197 188
229 105 260 186
133 111 167 186
554 210 594 308
100 168 137 278
517 186 566 312
264 109 298 183
302 244 356 340
71 172 111 280
488 235 531 353
87 161 129 278
387 68 418 138
117 192 158 300
515 279 563 406
149 121 190 217
464 91 504 191
97 335 154 458
39 250 82 341
489 167 542 279
531 203 568 281
237 97 273 169
124 121 159 205
219 102 246 174
440 341 512 475
414 67 447 146
302 241 348 343
491 66 515 125
76 181 117 298
514 176 550 257
471 152 513 254
481 67 520 166
16 278 74 396
535 333 589 472
84 208 126 322
172 95 209 177
137 137 178 236
301 239 349 345
416 92 454 175
127 38 153 87
0 233 38 349
160 178 204 272
411 83 446 160
494 157 527 236
457 135 503 238
119 96 151 165
33 220 77 353
108 225 155 348
439 82 474 161
66 228 108 346
145 92 176 159
190 96 226 179
469 58 491 115
367 105 407 182
506 72 539 145
303 241 348 342
491 378 548 475
385 114 421 191
108 329 155 460
423 91 460 173
459 124 498 219
97 172 140 277
164 40 196 99
302 242 356 339
66 170 105 273
217 100 250 180
145 193 192 295
102 97 134 159
487 143 521 213
10 250 55 373
36 247 79 361
380 54 408 115
395 123 431 206
79 198 125 305
448 97 497 207
218 147 262 240
144 151 197 252
119 325 164 456
372 116 406 201
42 202 83 298
178 44 210 102
301 244 356 339
129 38 149 84
404 60 438 123
252 352 311 480
108 108 143 192
515 105 552 200
183 42 213 108
23 220 64 330
388 126 422 220
49 219 99 340
163 175 204 267
121 321 163 460
459 126 489 195
486 79 524 190
256 351 310 480
366 120 403 208
303 240 350 342
442 108 474 191
417 132 457 211
424 64 455 137
93 202 132 307
489 89 528 199
167 111 210 200
461 351 524 480
32 255 79 376
451 73 481 147
304 242 355 340
402 147 436 240
138 106 175 180
373 129 413 229
18 250 70 381
121 322 164 455
427 147 468 237
0 244 46 368
418 419 464 480
524 106 559 207
205 74 232 142
449 364 489 447
114 95 146 171
436 169 475 263
164 96 202 173
486 300 541 441
122 325 165 457
404 165 440 256
303 241 350 345
447 84 488 171
382 148 419 247
530 96 572 191
250 357 312 480
80 169 117 250
481 82 521 184
17 225 58 328
224 79 260 155
477 316 511 392
150 85 188 153
444 177 488 291
35 314 91 451
185 160 223 264
221 86 253 166
508 256 554 389
304 243 355 340
194 93 227 165
42 187 80 289
394 92 435 169
0 314 58 440
402 185 441 287
120 323 165 457
252 354 314 480
188 99 220 176
492 278 525 352
523 226 568 340
436 219 479 323
305 244 356 342
408 213 446 317
134 77 168 142
477 101 512 204
56 272 101 395
254 356 311 480
215 102 245 168
448 100 487 191
508 107 543 205
122 330 163 453
380 89 420 168
176 109 212 188
364 98 400 176
438 110 482 213
390 231 432 358
493 122 530 217
114 343 161 452
425 245 476 361
506 242 536 307
403 73 433 143
303 245 354 341
464 56 487 107
433 69 462 142
250 355 312 480
112 62 149 127
524 125 563 212
414 132 455 228
382 274 424 407
164 120 202 202
448 126 490 225
425 274 470 401
455 51 481 102
409 67 450 137
40 242 76 354
301 242 349 344
503 174 548 275
109 217 151 316
246 355 315 480

			Successfully saved all results!

154
