520 252 571 415
318 252 379 420
227 255 277 427
374 256 432 384
160 246 222 423
279 326 312 403
287 88 311 147
42 320 104 480
261 281 307 399
192 237 226 339
181 323 263 459
367 342 446 480
569 366 622 480
318 308 346 368
93 312 124 381
365 376 403 478
340 306 372 376
150 241 188 339
571 325 634 439
547 361 582 429
440 363 474 441
321 358 357 427
382 351 420 438
39 333 90 465
215 314 267 445
362 227 407 345
414 209 465 341
159 259 228 413
304 309 341 405
409 203 444 275
448 337 469 386
255 372 302 480
355 179 413 333
163 321 214 447
318 344 386 480
394 315 449 432
84 352 132 473
130 153 186 296
0 172 35 313
83 147 133 313
260 152 302 275
286 311 361 469
350 273 426 480
15 233 82 347
241 303 297 433
289 260 336 378
168 341 251 478
326 133 362 208
257 205 291 283
274 126 324 209
144 319 199 437
87 156 135 243
279 396 356 480
358 255 391 324
76 213 101 265
2 203 145 480
202 322 252 445
268 381 317 480
275 125 340 301
393 313 445 456
596 350 640 479
470 303 516 407
507 281 554 403
537 283 576 395
38 355 87 464
277 256 315 350
321 370 372 480
134 262 196 425
186 47 209 107
332 63 380 174
255 118 312 254
254 330 323 476
4 151 163 480
146 177 213 291
49 367 84 437
102 375 148 480
117 317 165 452
575 306 626 441
543 324 583 428
61 326 112 452
285 322 333 475
185 319 228 441
12 306 67 454
406 304 462 463
216 325 262 463
0 358 34 480
260 268 323 446
126 284 182 435
557 174 600 278
461 219 500 327
338 192 377 296
162 200 221 413
196 193 267 394
388 315 436 448
346 316 394 443
520 315 568 450
473 304 513 377
506 229 540 288
516 275 566 357
541 200 566 268
321 342 374 434
74 164 131 324
126 161 184 318
325 154 381 321
15 22 191 472
469 0 624 442

			Successfully saved all results!

102
